<?xml version="1.0" encoding="UTF-8"?>
<testsuite name="CoinTest" tests="2" skipped="0" failures="0" errors="0" timestamp="2016-04-21T18:25:33" hostname="epicodus-117.local" time="0.002">
  <properties/>
  <testcase name="convertCents_returnNickel_one" classname="CoinTest" time="0.001"/>
  <testcase name="convertCents_returnPenny_one" classname="CoinTest" time="0.0"/>
  <system-out><![CDATA[]]></system-out>
  <system-err><![CDATA[]]></system-err>
</testsuite>
